Determining if the pthread_create exist failed with the following output:
Change Dir: /home/zqq/C++ Training/point_cloud/hw2/build-knn_with_tree-Desktop-Release/CMakeFiles/CMakeTmp

Run Build Command:"/usr/bin/ninja" "cmTC_99dac"
[1/2] Building C object CMakeFiles/cmTC_99dac.dir/CheckSymbolExists.c.o
[2/2] Linking C executable cmTC_99dac
FAILED: : && /usr/bin/gcc     CMakeFiles/cmTC_99dac.dir/CheckSymbolExists.c.o  -o cmTC_99dac  -rdynamic && :
CMakeFiles/cmTC_99dac.dir/CheckSymbolExists.c.o: In function `main':
CheckSymbolExists.c:(.text+0x16): undefined reference to `pthread_create'
collect2: error: ld returned 1 exit status
ninja: build stopped: subcommand failed.

File /home/zqq/C++ Training/point_cloud/hw2/build-knn_with_tree-Desktop-Release/CMakeFiles/CMakeTmp/CheckSymbolExists.c:
/* */
#include <pthread.h>

int main(int argc, char** argv)
{
  (void)argv;
#ifndef pthread_create
  return ((int*)(&pthread_create))[argc];
#else
  (void)argc;
  return 0;
#endif
}

Determining if the function pthread_create exists in the pthreads failed with the following output:
Change Dir: /home/zqq/C++ Training/point_cloud/hw2/build-knn_with_tree-Desktop-Release/CMakeFiles/CMakeTmp

Run Build Command:"/usr/bin/ninja" "cmTC_54692"
[1/2] Building C object CMakeFiles/cmTC_54692.dir/CheckFunctionExists.c.o
[2/2] Linking C executable cmTC_54692
FAILED: : && /usr/bin/gcc  -DCHECK_FUNCTION_EXISTS=pthread_create   CMakeFiles/cmTC_54692.dir/CheckFunctionExists.c.o  -o cmTC_54692  -rdynamic -lpthreads && :
/usr/bin/ld: cannot find -lpthreads
collect2: error: ld returned 1 exit status
ninja: build stopped: subcommand failed.


